C:\Program Files (x86)\Microsoft Visual Studio\2017\Community\Common7\IDE\VC\VCTargets\Microsoft.CppBuild.targets(376,5): warning MSB8004: Intermediate Directory does not end with a trailing slash.  This build instance will add the slash as it is required to allow proper evaluation of the Intermediate Directory.
  EnemyManager.cpp
d:\cppprojectsgit\buasgamesdl\buasgamesdl2\enemymanager.cpp(46): warning C4018: '<': signed/unsigned mismatch
  Game.cpp
d:\cppprojectsgit\buasgamesdl\buasgamesdl2\game.cpp(32): warning C4244: 'argument': conversion from 'time_t' to 'unsigned int', possible loss of data
  Generating Code...
  BuasGameSDL2.vcxproj -> D:\cppProjectsGit\BuasGameSDL\Debug\BuasGameSDL2.exe
  
  -------------------------------------------------------------------------------
     ROBOCOPY     ::     Robust File Copy for Windows                              
  -------------------------------------------------------------------------------
  
    Started : Tuesday, January 29, 2019 5:18:22 PM
     Source : D:\cppProjectsGit\BuasGameSDL\BuasGameSDL2\Assets\
       Dest : D:\cppProjectsGit\BuasGameSDL\Debug\Assets\
  
      Files : *.*
  	    
    Options : *.* /S /E /DCOPY:DA /COPY:DAT /R:1000000 /W:30 
  
  ------------------------------------------------------------------------------
  
  	                   9	D:\cppProjectsGit\BuasGameSDL\BuasGameSDL2\Assets\
  	                  11	D:\cppProjectsGit\BuasGameSDL\BuasGameSDL2\Assets\IceToSnow\
  	                  12	D:\cppProjectsGit\BuasGameSDL\BuasGameSDL2\Assets\IceToWater\
  	                   3	D:\cppProjectsGit\BuasGameSDL\BuasGameSDL2\Assets\MainTiles\
  	                   8	D:\cppProjectsGit\BuasGameSDL\BuasGameSDL2\Assets\SnowToIce\
  
  ------------------------------------------------------------------------------
  
                 Total    Copied   Skipped  Mismatch    FAILED    Extras
      Dirs :         5         0         5         0         0         0
     Files :        43         0        43         0         0         0
     Bytes :   327.6 k         0   327.6 k         0         0         0
     Times :   0:00:00   0:00:00                       0:00:00   0:00:00
     Ended : Tuesday, January 29, 2019 5:18:22 PM
  
  
  -------------------------------------------------------------------------------
     ROBOCOPY     ::     Robust File Copy for Windows                              
  -------------------------------------------------------------------------------
  
    Started : Tuesday, January 29, 2019 5:18:22 PM
     Source : D:\cppProjectsGit\BuasGameSDL\BuasGameSDL2\dlls\
       Dest : D:\cppProjectsGit\BuasGameSDL\Debug\
  
      Files : *.*
  	    
    Options : *.* /S /E /DCOPY:DA /COPY:DAT /R:1000000 /W:30 
  
  ------------------------------------------------------------------------------
  
  	                   6	D:\cppProjectsGit\BuasGameSDL\BuasGameSDL2\dlls\
  	*EXTRA Dir        -1	D:\cppProjectsGit\BuasGameSDL\Debug\Assets\
  	  *EXTRA File 		  273920	BuasGameSDL2.exe
  	  *EXTRA File 		   2.9 m	BuasGameSDL2.ilk
  	  *EXTRA File 		   2.1 m	BuasGameSDL2.pdb
  
  ------------------------------------------------------------------------------
  
                 Total    Copied   Skipped  Mismatch    FAILED    Extras
      Dirs :         1         0         1         0         0         1
     Files :         6         0         6         0         0         3
     Bytes :    1.96 m         0    1.96 m         0         0    5.44 m
     Times :   0:00:00   0:00:00                       0:00:00   0:00:00
     Ended : Tuesday, January 29, 2019 5:18:22 PM
  
