c:\users\niels\documents\github\buasgamesdl\intermediate\debug\vc141.pdb
c:\users\niels\documents\github\buasgamesdl\intermediate\debug\vc141.idb
c:\users\niels\documents\github\buasgamesdl\intermediate\debug\mainbackup.obj
c:\users\niels\documents\github\buasgamesdl\intermediate\debug\texturemanager.obj
c:\users\niels\documents\github\buasgamesdl\intermediate\debug\text.obj
c:\users\niels\documents\github\buasgamesdl\intermediate\debug\system.obj
c:\users\niels\documents\github\buasgamesdl\intermediate\debug\player.obj
c:\users\niels\documents\github\buasgamesdl\intermediate\debug\physics.obj
c:\users\niels\documents\github\buasgamesdl\intermediate\debug\mapcolliders.obj
c:\users\niels\documents\github\buasgamesdl\intermediate\debug\map.obj
c:\users\niels\documents\github\buasgamesdl\intermediate\debug\main.obj
c:\users\niels\documents\github\buasgamesdl\intermediate\debug\inpuy.obj
c:\users\niels\documents\github\buasgamesdl\intermediate\debug\input.obj
c:\users\niels\documents\github\buasgamesdl\intermediate\debug\gameobject.obj
c:\users\niels\documents\github\buasgamesdl\intermediate\debug\game.obj
c:\users\niels\documents\github\buasgamesdl\intermediate\debug\enemymanager.obj
c:\users\niels\documents\github\buasgamesdl\intermediate\debug\enemy.obj
c:\users\niels\documents\github\buasgamesdl\debug\buasgamesdl2.ilk
c:\users\niels\documents\github\buasgamesdl\debug\buasgamesdl2.exe
c:\users\niels\documents\github\buasgamesdl\debug\buasgamesdl2.pdb
c:\users\niels\documents\github\buasgamesdl\intermediate\debug\buasgamesdl2.tlog\cl.command.1.tlog
c:\users\niels\documents\github\buasgamesdl\intermediate\debug\buasgamesdl2.tlog\cl.read.1.tlog
c:\users\niels\documents\github\buasgamesdl\intermediate\debug\buasgamesdl2.tlog\cl.write.1.tlog
c:\users\niels\documents\github\buasgamesdl\intermediate\debug\buasgamesdl2.tlog\link.command.1.tlog
c:\users\niels\documents\github\buasgamesdl\intermediate\debug\buasgamesdl2.tlog\link.read.1.tlog
c:\users\niels\documents\github\buasgamesdl\intermediate\debug\buasgamesdl2.tlog\link.write.1.tlog
