C:\Program Files (x86)\Microsoft Visual Studio\2017\Community\Common7\IDE\VC\VCTargets\Microsoft.CppBuild.targets(376,5): warning MSB8004: Intermediate Directory does not end with a trailing slash.  This build instance will add the slash as it is required to allow proper evaluation of the Intermediate Directory.
  Physics.cpp
  Enemy.cpp
d:\cppprojectsgit\buasgamesdl\buasgamesdl2\enemy.cpp(5): warning C4244: '=': conversion from 'double' to 'float', possible loss of data
d:\cppprojectsgit\buasgamesdl\buasgamesdl2\enemy.cpp(6): warning C4244: '=': conversion from 'int' to 'float', possible loss of data
d:\cppprojectsgit\buasgamesdl\buasgamesdl2\enemy.cpp(14): warning C4244: '-=': conversion from 'float' to 'int', possible loss of data
d:\cppprojectsgit\buasgamesdl\buasgamesdl2\enemy.cpp(22): warning C4244: '=': conversion from 'float' to 'int', possible loss of data
d:\cppprojectsgit\buasgamesdl\buasgamesdl2\enemy.cpp(23): warning C4244: '=': conversion from 'float' to 'int', possible loss of data
  EnemyManager.cpp
  Game.cpp
d:\cppprojectsgit\buasgamesdl\buasgamesdl2\game.cpp(14): warning C4244: 'argument': conversion from 'time_t' to 'unsigned int', possible loss of data
  GameObject.cpp
d:\cppprojectsgit\buasgamesdl\buasgamesdl2\gameobject.cpp(26): warning C4244: '=': conversion from 'float' to 'int', possible loss of data
d:\cppprojectsgit\buasgamesdl\buasgamesdl2\gameobject.cpp(27): warning C4244: '=': conversion from 'float' to 'int', possible loss of data
  Input.cpp
  main.cpp
  Map.cpp
  Player.cpp
d:\cppprojectsgit\buasgamesdl\buasgamesdl2\player.cpp(5): warning C4244: '=': conversion from 'int' to 'float', possible loss of data
d:\cppprojectsgit\buasgamesdl\buasgamesdl2\player.cpp(7): warning C4244: '=': conversion from 'int' to 'float', possible loss of data
d:\cppprojectsgit\buasgamesdl\buasgamesdl2\player.cpp(20): warning C4244: '+=': conversion from 'float' to 'int', possible loss of data
d:\cppprojectsgit\buasgamesdl\buasgamesdl2\player.cpp(21): warning C4244: '+=': conversion from 'float' to 'int', possible loss of data
d:\cppprojectsgit\buasgamesdl\buasgamesdl2\player.cpp(28): warning C4244: '=': conversion from 'float' to 'int', possible loss of data
d:\cppprojectsgit\buasgamesdl\buasgamesdl2\player.cpp(29): warning C4244: '=': conversion from 'float' to 'int', possible loss of data
d:\cppprojectsgit\buasgamesdl\buasgamesdl2\player.cpp(93): warning C4244: '=': conversion from 'int' to 'float', possible loss of data
d:\cppprojectsgit\buasgamesdl\buasgamesdl2\player.cpp(109): warning C4244: '=': conversion from 'int' to 'float', possible loss of data
  System.cpp
  TextureManager.cpp
  Generating code
  470 of 479 functions (98.1%) were compiled, the rest were copied from previous compilation.
    1 functions were new in current compilation
    0 functions had inline decision re-evaluated but remain unchanged
  Finished generating code
  BuasGameSDL2.vcxproj -> D:\cppProjectsGit\BuasGameSDL\Release\BuasGameSDL2.exe
